<?xml version="1.0" encoding="UTF-8"?>
<!-- Generated by org.testng.reporters.JUnitReportReporter -->
<testsuite skipped="0" hostname="DESKTOP-AQFB0ON" name="maven.ClassTest" tests="1" failures="0" timestamp="2020-02-11T13:03:17 IST" time="0.000" errors="0">
  <testcase name="test" time="0.000" classname="maven.ClassTest"/>
  <system-out/>
</testsuite> <!-- maven.ClassTest -->
